
The following files have been resolved:
   org.threeten:threetenbp:jar:1.3.3:compile
   io.grpc:grpc-protobuf-lite:jar:1.13.1:compile
   com.google.api:gax-grpc:jar:1.30.0:compile
   org.springframework.boot:spring-boot-starter-logging:jar:2.0.5.RELEASE:compile
   io.netty:netty-common:jar:4.1.29.Final:compile
   com.google.api.grpc:proto-google-common-protos:jar:1.12.0:compile
   org.apache.httpcomponents:httpcore:jar:4.4.10:compile
   com.google.protobuf:protobuf-java:jar:3.6.0:compile
   com.google.http-client:google-http-client-jackson2:jar:1.25.0:compile
   com.google.http-client:google-http-client-gson:jar:1.25.0:compile
   com.google.apis:google-api-services-storage:jar:v1-rev135-1.24.1:compile
   io.netty:netty-buffer:jar:4.1.29.Final:compile
   com.google.oauth-client:google-oauth-client:jar:1.25.0:compile
   org.hibernate.validator:hibernate-validator:jar:6.0.12.Final:compile
   org.springframework.boot:spring-boot-starter:jar:2.0.5.RELEASE:compile
   javax.validation:validation-api:jar:2.0.1.Final:compile
   org.springframework.boot:spring-boot-starter-web:jar:2.0.5.RELEASE:compile
   com.google.http-client:google-http-client-jackson:jar:1.24.1:compile
   org.apache.tomcat.embed:tomcat-embed-core:jar:8.5.34:compile
   com.google.cloud:google-cloud-core-grpc:jar:1.43.0:compile
   com.google.firebase:firebase-admin:jar:6.5.0:compile
   com.fasterxml:classmate:jar:1.3.4:compile
   com.google.cloud:google-cloud-firestore:jar:0.61.0-beta:compile
   ch.qos.logback:logback-classic:jar:1.2.3:compile
   org.apache.logging.log4j:log4j-api:jar:2.10.0:compile
   javax.annotation:javax.annotation-api:jar:1.3.2:compile
   org.springframework:spring-core:jar:5.0.9.RELEASE:compile
   com.fasterxml.jackson.datatype:jackson-datatype-jsr310:jar:2.9.6:compile
   org.springframework:spring-context:jar:5.0.9.RELEASE:compile
   io.netty:netty-handler:jar:4.1.29.Final:compile
   com.google.http-client:google-http-client-appengine:jar:1.24.1:compile
   org.jboss.logging:jboss-logging:jar:3.3.2.Final:compile
   com.fasterxml.jackson.core:jackson-annotations:jar:2.9.0:compile
   org.json:json:jar:20160810:compile
   org.springframework:spring-context-support:jar:5.0.9.RELEASE:compile
   com.google.code.gson:gson:jar:2.8.5:compile
   com.google.api-client:google-api-client:jar:1.25.0:compile
   com.google.api.grpc:proto-google-iam-v1:jar:0.12.0:compile
   io.grpc:grpc-stub:jar:1.13.1:compile
   com.google.guava:guava:jar:20.0:compile
   io.grpc:grpc-protobuf:jar:1.13.1:compile
   io.netty:netty-codec-http:jar:4.1.29.Final:compile
   io.netty:netty-codec:jar:4.1.29.Final:compile
   com.google.api:gax-httpjson:jar:0.47.0:compile
   commons-codec:commons-codec:jar:1.11:compile
   com.google.auth:google-auth-library-credentials:jar:0.11.0:compile
   com.google.api:gax:jar:1.30.0:compile
   io.grpc:grpc-core:jar:1.13.1:compile
   com.google.code.findbugs:jsr305:jar:3.0.2:compile
   com.google.cloud:google-cloud-storage:jar:1.43.0:compile
   com.google.http-client:google-http-client:jar:1.25.0:compile
   io.grpc:grpc-netty-shaded:jar:1.13.1:compile
   org.apache.tomcat.embed:tomcat-embed-websocket:jar:8.5.34:compile
   com.google.j2objc:j2objc-annotations:jar:1.1:compile
   org.springframework:spring-expression:jar:5.0.9.RELEASE:compile
   org.yaml:snakeyaml:jar:1.19:runtime
   org.springframework.boot:spring-boot:jar:2.0.5.RELEASE:compile
   io.grpc:grpc-context:jar:1.13.1:compile
   org.springframework:spring-beans:jar:5.0.9.RELEASE:compile
   io.grpc:grpc-auth:jar:1.13.1:compile
   org.springframework.boot:spring-boot-autoconfigure:jar:2.0.5.RELEASE:compile
   ch.qos.logback:logback-core:jar:1.2.3:compile
   io.opencensus:opencensus-contrib-http-util:jar:0.15.0:compile
   com.fasterxml.jackson.core:jackson-databind:jar:2.9.6:compile
   io.netty:netty-resolver:jar:4.1.29.Final:compile
   org.springframework:spring-jcl:jar:5.0.9.RELEASE:compile
   com.fasterxml.jackson.datatype:jackson-datatype-jdk8:jar:2.9.6:compile
   com.google.protobuf:protobuf-java-util:jar:3.6.0:compile
   io.opencensus:opencensus-contrib-grpc-metrics:jar:0.12.3:compile
   io.opencensus:opencensus-api:jar:0.15.0:compile
   org.springframework:spring-web:jar:5.0.9.RELEASE:compile
   com.google.auto.value:auto-value:jar:1.4:compile
   com.google.api:api-common:jar:1.7.0:compile
   com.google.cloud:google-cloud-core:jar:1.43.0:compile
   com.google.api.grpc:proto-google-cloud-firestore-v1beta1:jar:0.26.0:compile
   org.springframework.boot:spring-boot-starter-tomcat:jar:2.0.5.RELEASE:compile
   joda-time:joda-time:jar:2.9.9:compile
   com.google.api-client:google-api-client-gson:jar:1.25.0:compile
   com.fasterxml.jackson.core:jackson-core:jar:2.9.6:compile
   org.apache.tomcat.embed:tomcat-embed-el:jar:8.5.34:compile
   com.google.auth:google-auth-library-oauth2-http:jar:0.11.0:compile
   org.springframework:spring-webmvc:jar:5.0.9.RELEASE:compile
   org.freemarker:freemarker:jar:2.3.28:compile
   org.springframework.boot:spring-boot-starter-json:jar:2.0.5.RELEASE:compile
   org.slf4j:slf4j-api:jar:1.7.25:compile
   org.apache.httpcomponents:httpclient:jar:4.5.6:compile
   io.netty:netty-transport:jar:4.1.29.Final:compile
   com.fasterxml.jackson.module:jackson-module-parameter-names:jar:2.9.6:compile
   com.google.errorprone:error_prone_annotations:jar:2.1.2:compile
   io.opencensus:opencensus-contrib-grpc-util:jar:0.15.0:compile
   com.google.cloud:google-cloud-core-http:jar:1.43.0:compile
   org.codehaus.jackson:jackson-core-asl:jar:1.9.11:compile
   org.apache.logging.log4j:log4j-to-slf4j:jar:2.10.0:compile
   org.slf4j:jul-to-slf4j:jar:1.7.25:compile
   org.springframework:spring-aop:jar:5.0.9.RELEASE:compile
   org.springframework.boot:spring-boot-starter-freemarker:jar:2.0.5.RELEASE:compile

